build/app/outputs/mapping/release/seeds.txt
io.flutter.plugin.editing.ImeSyncDeferringInsetsCallback: io.flutter.plugin.editing.ImeSyncDeferringInsetsCallback$AnimationCallback animationCallback
com.google.android.gms.signin.internal.zai: android.os.Parcelable$Creator CREATOR
com.google.android.gms.internal.measurement.zzfy: long zzN
com.google.android.gms.internal.measurement.zzfo: java.lang.String zzg
com.google.android.gms.internal.measurement.zzfa: int zze
androidx.window.layout.WindowInfoTrackerImpl: androidx.window.layout.WindowBackend windowBackend
com.google.android.gms.internal.measurement.zzfi: java.lang.String zzl
androidx.window.embedding.SplitPlaceholderRule: android.content.Intent placeholderIntent
io.flutter.view.FlutterCallbackInformation: java.lang.String callbackName
kotlinx.coroutines.internal.ResizableAtomicArray: java.util.concurrent.atomic.AtomicReferenceArray array
com.google.android.gms.internal.measurement.zzeq: int zzf
com.google.android.gms.internal.measurement.zzfy: com.google.android.gms.internal.measurement.zzkg zzH
androidx.window.layout.SidecarWindowBackend: java.util.concurrent.locks.ReentrantLock globalLock
com.google.android.gms.internal.measurement.zzeh: boolean zzi
com.google.android.gms.internal.measurement.zzfi: java.lang.String zzg
com.google.android.gms.measurement.AppMeasurement$ConditionalUserProperty: android.os.Bundle mTriggeredEventParams
com.google.android.gms.common.api.Status: android.os.Parcelable$Creator CREATOR
com.google.android.gms.internal.measurement.zzgh: float zzj
com.google.android.material.datepicker.DateValidatorPointForward: android.os.Parcelable$Creator CREATOR
androidx.window.embedding.ExtensionEmbeddingBackend: java.util.concurrent.locks.ReentrantLock globalLock
com.google.android.material.timepicker.TimeModel: android.os.Parcelable$Creator CREATOR
androidx.window.core.Version: androidx.window.core.Version UNKNOWN
androidx.window.layout.SidecarWindowBackend: java.lang.String TAG
com.google.android.gms.internal.measurement.zzgt: com.google.android.gms.internal.measurement.zzgt zza
com.google.android.material.bottomappbar.BottomAppBar$SavedState: android.os.Parcelable$Creator CREATOR
io.flutter.plugin.editing.ImeSyncDeferringInsetsCallback: boolean animating
com.google.android.gms.internal.measurement.zzgo: com.google.android.gms.internal.measurement.zzkg zzf
com.google.android.gms.internal.measurement.zzfy: java.lang.String zzP
androidx.window.R$styleable: int[] SplitPairRule
com.google.android.gms.internal.measurement.zzeq: java.lang.String zzh
kotlin.coroutines.AbstractCoroutineContextElement: kotlin.coroutines.CoroutineContext$Key key
androidx.window.layout.SidecarCompat$DistinctSidecarElementCallback: androidx.window.sidecar.SidecarDeviceState lastDeviceState
kotlinx.coroutines.internal.ThreadSafeHeap: int _size
androidx.window.R$styleable: int[] ActivityRule
androidx.window.layout.WindowInfoTrackerImpl: androidx.window.layout.WindowMetricsCalculator windowMetricsCalculator
com.google.android.gms.internal.measurement.zzes: boolean zzj
kotlinx.coroutines.EventLoopImplBase: java.lang.Object _queue
androidx.window.embedding.ExtensionEmbeddingBackend: java.util.concurrent.CopyOnWriteArrayList splitChangeCallbacks
com.google.android.gms.internal.measurement.zzfk: int zze
com.google.android.gms.internal.measurement.zzfi: java.lang.String zzk
io.flutter.plugin.editing.ImeSyncDeferringInsetsCallback: int overlayInsetTypes
com.google.android.gms.internal.measurement.zzfw: com.google.android.gms.internal.measurement.zzfw zza
androidx.window.embedding.ActivityRule: boolean alwaysExpand
androidx.window.embedding.ExtensionEmbeddingBackend: java.lang.String TAG
io.flutter.view.AccessibilityViewEmbedder: io.flutter.view.AccessibilityViewEmbedder$ReflectionAccessors reflectionAccessors
androidx.window.R$styleable: int SplitPlaceholderRule_splitMinSmallestWidth
androidx.window.R$styleable: int SplitPairRule_clearTop
androidx.window.R$styleable: int ActivityFilter_activityAction