build/app/outputs/mapping/release/mapping.txt
# compiler: R8
# compiler_version: 3.2.74
# min_api: 21
# common_typos_disable
# {"id":"com.android.tools.r8.mapping","version":"2.0"}
# pg_map_id: c497c82
# pg_map_hash: SHA-256 c497c82569d9338c62da64ff8fadb86078cc867765d46387540d8c29590c7111
...
com.google.android.gms.common.api.internal.zacm -> com.google.android.gms.common.api.internal.t0:
    com.google.android.gms.common.api.Result zaa -> n
    com.google.android.gms.common.api.internal.zacn zab -> o
com.google.android.gms.common.api.internal.zacn -> com.google.android.gms.common.api.internal.u0:
    com.google.android.gms.common.api.Status zaf -> e
    java.lang.Object zae -> d
    java.lang.ref.WeakReference zag -> f
    com.google.android.gms.common.api.ResultTransform zaa -> a
    com.google.android.gms.common.api.internal.zacn zab -> b
    com.google.android.gms.common.api.ResultCallbacks zac -> c
    void onResult(com.google.android.gms.common.api.Result) -> a
    com.google.android.gms.common.api.ResultTransform zaa(com.google.android.gms.common.api.internal.zacn) -> b
    void zaa() -> c
    void zaa(com.google.android.gms.common.api.Status) -> d
    void zaa(com.google.android.gms.common.api.internal.zacn,com.google.android.gms.common.api.Result) -> e
    void zaa(com.google.android.gms.common.api.Result) -> f
    com.google.android.gms.common.api.internal.zacp zab(com.google.android.gms.common.api.internal.zacn) -> g
    void zab(com.google.android.gms.common.api.Status) -> h
    java.lang.ref.WeakReference zac(com.google.android.gms.common.api.internal.zacn) -> i
    boolean zac() -> j
com.google.android.gms.common.api.internal.zaco -> com.google.android.gms.common.api.internal.v0:
    com.google.android.gms.common.api.Status zaa -> c
    java.util.Set zab -> a
    com.google.android.gms.common.api.internal.zacq zac -> b
    void zaa() -> a
    void zaa(com.google.android.gms.common.api.internal.BasePendingResult) -> b
com.google.android.gms.common.api.internal.zacp -> com.google.android.gms.common.api.internal.w0:
com.google.android.gms.common.api.internal.zacq -> com.google.android.gms.common.api.internal.x0:
    void zaa(com.google.android.gms.common.api.internal.BasePendingResult) -> a
com.google.android.gms.common.api.internal.zacr -> com.google.android.gms.common.api.internal.y0:
    com.google.android.gms.common.api.internal.zaco zaa -> a
    void zaa(com.google.android.gms.common.api.internal.BasePendingResult) -> a
com.google.android.gms.common.api.internal.zad -> com.google.android.gms.common.api.internal.z0:
    com.google.android.gms.common.Feature[] zac(com.google.android.gms.common.api.internal.GoogleApiManager$zaa) -> g
    boolean zad(com.google.android.gms.common.api.internal.GoogleApiManager$zaa) -> h
com.google.android.gms.common.api.internal.zaf -> com.google.android.gms.common.api.internal.a1:
    com.google.android.gms.common.api.internal.BaseImplementation$ApiMethodImpl zab -> b
    void zaa(com.google.android.gms.common.api.Status) -> b
    void zaa(com.google.android.gms.common.api.internal.GoogleApiManager$zaa) -> c
    void zaa(com.google.android.gms.common.api.internal.zav,boolean) -> d
    void zaa(java.lang.Exception) -> e
com.google.android.gms.common.api.internal.zag -> com.google.android.gms.common.api.internal.b1:
    com.google.android.gms.common.api.internal.ListenerHolder$ListenerKey zac -> c
    void zaa(com.google.android.gms.common.api.Status) -> b
    void zaa(com.google.android.gms.common.api.internal.zav,boolean) -> d
    void zaa(java.lang.Exception) -> e
    com.google.android.gms.common.Feature[] zac(com.google.android.gms.common.api.internal.GoogleApiManager$zaa) -> g
    boolean zad(com.google.android.gms.common.api.internal.GoogleApiManager$zaa) -> h
    void zab(com.google.android.gms.common.api.internal.GoogleApiManager$zaa) -> i