build/app/outputs/mapping/release/usage.txt
com.google.android.material.circularreveal.cardview.CircularRevealCardView:
    private final com.google.android.material.circularreveal.CircularRevealHelper helper
com.google.android.material.expandable.ExpandableWidgetHelper
com.google.android.material.floatingactionbutton.BorderDrawable
com.google.android.material.floatingactionbutton.ExtendedFloatingActionButton$3:
    final synthetic com.google.android.material.floatingactionbutton.ExtendedFloatingActionButton$OnChangedCallback val$callback
com.google.android.material.floatingactionbutton.ExtendedFloatingActionButton$ExtendedFloatingActionButtonBehavior:
    private com.google.android.material.floatingactionbutton.ExtendedFloatingActionButton$OnChangedCallback internalAutoHideCallback
    private com.google.android.material.floatingactionbutton.ExtendedFloatingActionButton$OnChangedCallback internalAutoShrinkCallback
com.google.android.material.floatingactionbutton.FloatingActionButton:
    private final com.google.android.material.expandable.ExpandableWidgetHelper expandableWidgetHelper
com.google.android.material.floatingactionbutton.FloatingActionButtonImpl:
    com.google.android.material.floatingactionbutton.BorderDrawable borderDrawable
com.google.android.material.internal.CheckableGroup
com.google.android.material.internal.StateListAnimator:
    private void cancel()
    public void jumpToCurrentState()
    public void setState(int[])
    private void start(com.google.android.material.internal.StateListAnimator$Tuple)
com.google.android.material.shape.MaterialShapeDrawable:
    public void setShadowCompatRotation(int)
com.google.android.material.snackbar.BaseTransientBottomBar$Anchor
com.google.android.material.snackbar.BaseTransientBottomBar:
    private com.google.android.material.snackbar.BaseTransientBottomBar$Anchor anchor
com.google.firebase.encoders.Encoder
com.onesignal.NotificationOpenedProcessor:
    private static final java.lang.String TAG
    void <init>()
com.onesignal.OSInAppMessageDummyController
com.onesignal.shortcutbadger.impl.OPPOHomeBader:
    private void executeBadgeByBroadcast(android.content.Context,android.content.ComponentName,int)
com.onesignal.shortcutbadger.util.BroadcastHelper:
    public static java.util.List resolveBroadcast(android.content.Context,android.content.Intent)
    public static void sendIntentExplicitly(android.content.Context,android.content.Intent)
com.razorpay.B$$W$
com.razorpay.BaseUtils:
    static final synthetic boolean $assertionsDisabled
com.razorpay.RzpPlugin:
    public abstract void isRegistered(android.content.Context,com.razorpay.RzpPluginRegisterCallback)
com.razorpay.RzpPluginCompatibilityResponse:
    public java.lang.String getErrorMessage()
    public boolean isCompatible()
com.razorpay.RzpPluginRegisterCallback
com.razorpay.b__J_:
    private static int UPI_REQUEST_CODE
dev.fluttercommunity.plus.connectivity.ConnectivityMethodChannelHandler:
    static final synthetic boolean $assertionsDisabled
io.flutter.Log:
    public static int ASSERT
    public static int DEBUG
    public static int ERROR
    public static int INFO
    public static int VERBOSE
    public static int WARN
    private static int logLevel
io.flutter.embedding.engine.FlutterEngineConnectionRegistry$FlutterEngineBroadcastReceiverPluginBinding
io.flutter.embedding.engine.FlutterEngineConnectionRegistry$FlutterEngineContentProviderPluginBinding
io.flutter.embedding.engine.FlutterEngineConnectionRegistry$FlutterEngineServicePluginBinding
io.flutter.embedding.engine.FlutterEngineConnectionRegistry:
    private io.flutter.embedding.engine.FlutterEngineConnectionRegistry$FlutterEngineBroadcastReceiverPluginBinding broadcastReceiverPluginBinding
    private io.flutter.embedding.engine.FlutterEngineConnectionRegistry$FlutterEngineContentProviderPluginBinding contentProviderPluginBinding
    private io.flutter.embedding.engine.FlutterEngineConnectionRegistry$FlutterEngineServicePluginBinding servicePluginBinding